-------------------------------------------------------------------------------
Test set: com.xiaojie.rabbitmq.RabbitMqTest
-------------------------------------------------------------------------------
Tests run: 1, Failures: 0, Errors: 1, Skipped: 0, Time elapsed: 0 sec <<< FAILURE! - in com.xiaojie.rabbitmq.RabbitMqTest
sendMsg(com.xiaojie.rabbitmq.RabbitMqTest)  Time elapsed: 0 sec  <<< ERROR!
java.lang.NullPointerException: null
	at com.xiaojie.rabbitmq.RabbitMqTest.sendMsg(RabbitMqTest.java:21)

